Time intervals: [(0.0, 0.14189395308494568), (0.14189395308494568, 0.28378790616989136), (0.28378790616989136, 0.42568185925483704)]

============================================================
Interval 1/3: t in [0.0000, 0.1419]
============================================================
Supporting backend tensorflow.compat.v1

Compiling a VI method

Iteration:  0 , loss:  21027.027
Iteration:  100 , loss:  15936.039
Iteration:  200 , loss:  699.1387
Iteration:  300 , loss:  -3302.833
Iteration:  400 , loss:  -772.61426
Iteration:  500 , loss:  -6107.533
Iteration:  600 , loss:  -6334.0293
Iteration:  700 , loss:  -11443.783
Iteration:  800 , loss:  -11053.586
Iteration:  900 , loss:  -7930.8945
Iteration:  1000 , loss:  -9734.275
Iteration:  1100 , loss:  -12645.166
Iteration:  1200 , loss:  -13638.857
Iteration:  1300 , loss:  -13505.872
Iteration:  1400 , loss:  -14003.59
Iteration:  1500 , loss:  -14170.735
Iteration:  1600 , loss:  -13920.824
Iteration:  1700 , loss:  -14111.628
Iteration:  1800 , loss:  -15603.021
Iteration:  1900 , loss:  -15819.113
Iteration:  2000 , loss:  -15654.182
Iteration:  2100 , loss:  -15728.533
Iteration:  2200 , loss:  -17380.197
Iteration:  2300 , loss:  -16478.0
Iteration:  2400 , loss:  -17218.676
Iteration:  2500 , loss:  -17137.719
Iteration:  2600 , loss:  -15545.244
Iteration:  2700 , loss:  -17516.428
Iteration:  2800 , loss:  -17501.123
Iteration:  2900 , loss:  -17239.79
Iteration:  3000 , loss:  -18033.918
Iteration:  3100 , loss:  -18110.578
Iteration:  3200 , loss:  -18122.656
Iteration:  3300 , loss:  -17404.654
Iteration:  3400 , loss:  -18154.203
Iteration:  3500 , loss:  -18581.79
Iteration:  3600 , loss:  -18660.61
Iteration:  3700 , loss:  -18500.39
Iteration:  3800 , loss:  -18692.875
Iteration:  3900 , loss:  -18939.58
Iteration:  4000 , loss:  -19082.414
Iteration:  4100 , loss:  -19213.922
Iteration:  4200 , loss:  -19287.996
Iteration:  4300 , loss:  -19481.842
Iteration:  4400 , loss:  -19584.91
Iteration:  4500 , loss:  -19604.578
Iteration:  4600 , loss:  -19831.021
Iteration:  4700 , loss:  -19714.768
Iteration:  4800 , loss:  -19816.824
Iteration:  4900 , loss:  -19852.305
Iteration:  5000 , loss:  -20266.023
Iteration:  5100 , loss:  -20363.252
Iteration:  5200 , loss:  -20372.0
Iteration:  5300 , loss:  -20628.27
Iteration:  5400 , loss:  -20772.164
Iteration:  5500 , loss:  -20924.797
Iteration:  5600 , loss:  -20936.152
Iteration:  5700 , loss:  -21201.582
Iteration:  5800 , loss:  -21278.58
Iteration:  5900 , loss:  -21384.35
Iteration:  6000 , loss:  -21497.352
Iteration:  6100 , loss:  -21632.396
Iteration:  6200 , loss:  -21817.99
Iteration:  6300 , loss:  -21669.941
Iteration:  6400 , loss:  -22056.33
Iteration:  6500 , loss:  -22225.383
Iteration:  6600 , loss:  -22375.932
Iteration:  6700 , loss:  -22554.889
Iteration:  6800 , loss:  -22638.66
Iteration:  6900 , loss:  -22742.414
Iteration:  7000 , loss:  -22947.285
Iteration:  7100 , loss:  -23267.857
Iteration:  7200 , loss:  -23232.572
Iteration:  7300 , loss:  -23539.309
Iteration:  7400 , loss:  -23721.777
Iteration:  7500 , loss:  -23949.959
Iteration:  7600 , loss:  -24125.467
Iteration:  7700 , loss:  -24227.738
Iteration:  7800 , loss:  -24340.531
Iteration:  7900 , loss:  -24549.148
Iteration:  8000 , loss:  -24777.512
Iteration:  8100 , loss:  -24899.135
Iteration:  8200 , loss:  -25055.705
Iteration:  8300 , loss:  -25279.197
Iteration:  8400 , loss:  -25406.744
Iteration:  8500 , loss:  -25503.984
Iteration:  8600 , loss:  -25716.139
Iteration:  8700 , loss:  -25798.516
Iteration:  8800 , loss:  -25952.635
Iteration:  8900 , loss:  -26144.814
Iteration:  9000 , loss:  -26277.422
Iteration:  9100 , loss:  -26430.438
Iteration:  9200 , loss:  -26508.764
Iteration:  9300 , loss:  -26658.125
Iteration:  9400 , loss:  -26763.602
Iteration:  9500 , loss:  -26888.309
Iteration:  9600 , loss:  -26984.45
Iteration:  9700 , loss:  -27053.533
Iteration:  9800 , loss:  -27198.555
Iteration:  9900 , loss:  -27231.93

============================================================
Interval 2/3: t in [0.1419, 0.2838]
============================================================
Supporting backend tensorflow.compat.v1

Compiling a VI method

Iteration:  0 , loss:  19980.5
Iteration:  100 , loss:  6611.454
Iteration:  200 , loss:  -288.92285
Iteration:  300 , loss:  -3064.3086
Iteration:  400 , loss:  -8409.947
Iteration:  500 , loss:  -9218.912
Iteration:  600 , loss:  -4760.621
Iteration:  700 , loss:  -12312.949
Iteration:  800 , loss:  -11698.03
Iteration:  900 , loss:  -11738.554
Iteration:  1000 , loss:  -11911.856
Iteration:  1100 , loss:  -14220.102
Iteration:  1200 , loss:  -14741.952
Iteration:  1300 , loss:  -12265.785
Iteration:  1400 , loss:  -14177.769
Iteration:  1500 , loss:  -15968.072
Iteration:  1600 , loss:  -16624.516
Iteration:  1700 , loss:  -16344.085
Iteration:  1800 , loss:  -16407.879
Iteration:  1900 , loss:  -16140.371
Iteration:  2000 , loss:  -16724.709
Iteration:  2100 , loss:  -18237.715
Iteration:  2200 , loss:  -17525.97
Iteration:  2300 , loss:  -17407.475
Iteration:  2400 , loss:  -16612.85
Iteration:  2500 , loss:  -17805.623
Iteration:  2600 , loss:  -17703.82
Iteration:  2700 , loss:  -17386.469
Iteration:  2800 , loss:  -18062.605
Iteration:  2900 , loss:  -18770.805
Iteration:  3000 , loss:  -18279.441
Iteration:  3100 , loss:  -18574.143
Iteration:  3200 , loss:  -18956.95
Iteration:  3300 , loss:  -19417.355
Iteration:  3400 , loss:  -19241.566
Iteration:  3500 , loss:  -19239.895
Iteration:  3600 , loss:  -18997.678
Iteration:  3700 , loss:  -18995.441
Iteration:  3800 , loss:  -19873.46
Iteration:  3900 , loss:  -19180.395
Iteration:  4000 , loss:  -19920.744
Iteration:  4100 , loss:  -19624.568
Iteration:  4200 , loss:  -19803.111
Iteration:  4300 , loss:  -20236.066
Iteration:  4400 , loss:  -19878.11
Iteration:  4500 , loss:  -20094.877
Iteration:  4600 , loss:  -20455.154
Iteration:  4700 , loss:  -20338.053
Iteration:  4800 , loss:  -20486.219
Iteration:  4900 , loss:  -20697.412
Iteration:  5000 , loss:  -20720.016
Iteration:  5100 , loss:  -20849.002
Iteration:  5200 , loss:  -21137.889
Iteration:  5300 , loss:  -21080.389
Iteration:  5400 , loss:  -21228.898
Iteration:  5500 , loss:  -21466.812
Iteration:  5600 , loss:  -21482.213
Iteration:  5700 , loss:  -21654.176
Iteration:  5800 , loss:  -21749.584
Iteration:  5900 , loss:  -21839.66
Iteration:  6000 , loss:  -21797.238
Iteration:  6100 , loss:  -22200.215
Iteration:  6200 , loss:  -22356.84
Iteration:  6300 , loss:  -22472.871
Iteration:  6400 , loss:  -22690.305
Iteration:  6500 , loss:  -22763.969
Iteration:  6600 , loss:  -23030.117
Iteration:  6700 , loss:  -23082.023
Iteration:  6800 , loss:  -23187.793
Iteration:  6900 , loss:  -23378.027
Iteration:  7000 , loss:  -23548.957
Iteration:  7100 , loss:  -23675.92
Iteration:  7200 , loss:  -23859.633
Iteration:  7300 , loss:  -24050.234
Iteration:  7400 , loss:  -24269.168
Iteration:  7500 , loss:  -24443.58
Iteration:  7600 , loss:  -24571.342
Iteration:  7700 , loss:  -24678.328
Iteration:  7800 , loss:  -24906.3
Iteration:  7900 , loss:  -25134.492
Iteration:  8000 , loss:  -25291.828
Iteration:  8100 , loss:  -25432.389
Iteration:  8200 , loss:  -25649.188
Iteration:  8300 , loss:  -25692.473
Iteration:  8400 , loss:  -26014.31
Iteration:  8500 , loss:  -26062.441
Iteration:  8600 , loss:  -26270.895
Iteration:  8700 , loss:  -26434.621
Iteration:  8800 , loss:  -26612.307
Iteration:  8900 , loss:  -26724.445
Iteration:  9000 , loss:  -26860.426
Iteration:  9100 , loss:  -27017.14
Iteration:  9200 , loss:  -27065.648
Iteration:  9300 , loss:  -27202.898
Iteration:  9400 , loss:  -27233.494
Iteration:  9500 , loss:  -27416.988
Iteration:  9600 , loss:  -27521.088
Iteration:  9700 , loss:  -27685.633
Iteration:  9800 , loss:  -27736.05
Iteration:  9900 , loss:  -27818.664

============================================================
Interval 3/3: t in [0.2838, 0.4257]
============================================================
Supporting backend tensorflow.compat.v1

Compiling a VI method

Iteration:  0 , loss:  13066.816
Iteration:  100 , loss:  4402.5684
Iteration:  200 , loss:  -1287.3301
Iteration:  300 , loss:  -3057.4922
Iteration:  400 , loss:  -5294.6504
Iteration:  500 , loss:  -8467.894
Iteration:  600 , loss:  -5591.218
Iteration:  700 , loss:  -7969.1094
Iteration:  800 , loss:  -10605.618
Iteration:  900 , loss:  -11360.846
Iteration:  1000 , loss:  -10450.409
Iteration:  1100 , loss:  -14966.946
Iteration:  1200 , loss:  -12916.4375
Iteration:  1300 , loss:  -14177.809
Iteration:  1400 , loss:  -15217.869
Iteration:  1500 , loss:  -15650.84
Iteration:  1600 , loss:  -16039.811
Iteration:  1700 , loss:  -15794.805
Iteration:  1800 , loss:  -15797.751
Iteration:  1900 , loss:  -16718.68
Iteration:  2000 , loss:  -16828.875
Iteration:  2100 , loss:  -16416.344
Iteration:  2200 , loss:  -17220.309
Iteration:  2300 , loss:  -16816.105
Iteration:  2400 , loss:  -17000.865
Iteration:  2500 , loss:  -17253.592
Iteration:  2600 , loss:  -18409.602
Iteration:  2700 , loss:  -18339.824
Iteration:  2800 , loss:  -18525.79
Iteration:  2900 , loss:  -18189.98
Iteration:  3000 , loss:  -18493.004
Iteration:  3100 , loss:  -18808.127
Iteration:  3200 , loss:  -18297.502
Iteration:  3300 , loss:  -19036.512
Iteration:  3400 , loss:  -18890.125
Iteration:  3500 , loss:  -19276.176
Iteration:  3600 , loss:  -19145.797
Iteration:  3700 , loss:  -19442.8
Iteration:  3800 , loss:  -19535.467
Iteration:  3900 , loss:  -19357.957
Iteration:  4000 , loss:  -19763.676
Iteration:  4100 , loss:  -19774.064
Iteration:  4200 , loss:  -19869.213
Iteration:  4300 , loss:  -19950.367
Iteration:  4400 , loss:  -19929.863
Iteration:  4500 , loss:  -20272.684
Iteration:  4600 , loss:  -20373.383
Iteration:  4700 , loss:  -20394.686
Iteration:  4800 , loss:  -20748.375
Iteration:  4900 , loss:  -20558.086
Iteration:  5000 , loss:  -20534.168
Iteration:  5100 , loss:  -20787.904
Iteration:  5200 , loss:  -20851.691
Iteration:  5300 , loss:  -20993.926
Iteration:  5400 , loss:  -21202.127
Iteration:  5500 , loss:  -21151.086
Iteration:  5600 , loss:  -21590.912
Iteration:  5700 , loss:  -21520.61
Iteration:  5800 , loss:  -21769.398
Iteration:  5900 , loss:  -21770.441
Iteration:  6000 , loss:  -21874.846
Iteration:  6100 , loss:  -22134.387
Iteration:  6200 , loss:  -22397.334
Iteration:  6300 , loss:  -22504.88
Iteration:  6400 , loss:  -22569.188
Iteration:  6500 , loss:  -22669.584
Iteration:  6600 , loss:  -22861.605
Iteration:  6700 , loss:  -22864.277
Iteration:  6800 , loss:  -23233.191
Iteration:  6900 , loss:  -23338.135
Iteration:  7000 , loss:  -23470.803
Iteration:  7100 , loss:  -23690.426
Iteration:  7200 , loss:  -23887.186
Iteration:  7300 , loss:  -24021.047
Iteration:  7400 , loss:  -24202.674
Iteration:  7500 , loss:  -24309.607
Iteration:  7600 , loss:  -24481.734
Iteration:  7700 , loss:  -24663.463
Iteration:  7800 , loss:  -24849.414
Iteration:  7900 , loss:  -25072.672
Iteration:  8000 , loss:  -25146.33
Iteration:  8100 , loss:  -25400.307
Iteration:  8200 , loss:  -25531.703
Iteration:  8300 , loss:  -25688.756
Iteration:  8400 , loss:  -25942.438
Iteration:  8500 , loss:  -26023.979
Iteration:  8600 , loss:  -26180.004
Iteration:  8700 , loss:  -26392.902
Iteration:  8800 , loss:  -26394.168
Iteration:  8900 , loss:  -26637.297
Iteration:  9000 , loss:  -26762.613
Iteration:  9100 , loss:  -26919.146
Iteration:  9200 , loss:  -27015.281
Iteration:  9300 , loss:  -27187.66
Iteration:  9400 , loss:  -27254.691
Iteration:  9500 , loss:  -27368.02
Iteration:  9600 , loss:  -27525.352
Iteration:  9700 , loss:  -27601.357
Iteration:  9800 , loss:  -27696.174
Iteration:  9900 , loss:  -27714.383
