Using L=1.0, EI=1.0, mu=1.0
Y_ref=-0.013000, time_concern=1.000000

Computed sigma values:
  data                : 0.002907
  pde                 : 0.091924
  bc_left_disp        : 0.000919
  bc_left_slope       : 0.009192
  bc_right_moment     : 0.009192
  bc_right_shear      : 0.009192
  ic_disp             : 0.009192
  ic_vel              : 0.009192

Time intervals: [(0.0, 0.14189395308494568), (0.14189395308494568, 0.28378790616989136), (0.28378790616989136, 0.42568185925483704)]

============================================================
Interval 1/3: t in [0.0000, 0.1419]
============================================================
Supporting backend tensorflow.compat.v1

Compiling a VI method

Iteration:  0 , loss:  3671151.2
Iteration:  100 , loss:  4394512.5
Iteration:  200 , loss:  2698913.2
Iteration:  300 , loss:  2443760.2
Iteration:  400 , loss:  2038399.4
Iteration:  500 , loss:  1564128.4
Iteration:  600 , loss:  1211368.5
Iteration:  700 , loss:  1593436.4
Iteration:  800 , loss:  1267018.0
Iteration:  900 , loss:  1364844.0
Iteration:  1000 , loss:  963661.56
Iteration:  1100 , loss:  867486.44
Iteration:  1200 , loss:  919184.06
Iteration:  1300 , loss:  732145.0
Iteration:  1400 , loss:  608112.2
Iteration:  1500 , loss:  678214.6
Iteration:  1600 , loss:  545349.5
Iteration:  1700 , loss:  790990.56
Iteration:  1800 , loss:  547098.5
Iteration:  1900 , loss:  653791.3
Iteration:  2000 , loss:  523929.7
Iteration:  2100 , loss:  576393.56
Iteration:  2200 , loss:  511473.4
Iteration:  2300 , loss:  521673.28
Iteration:  2400 , loss:  384265.38
Iteration:  2500 , loss:  481647.2
Iteration:  2600 , loss:  407960.94
Iteration:  2700 , loss:  315112.62
Iteration:  2800 , loss:  340233.78
Iteration:  2900 , loss:  338528.6
Iteration:  3000 , loss:  273550.2
Iteration:  3100 , loss:  279605.16
Iteration:  3200 , loss:  309436.97
Iteration:  3300 , loss:  257070.38
Iteration:  3400 , loss:  264328.62
Iteration:  3500 , loss:  263463.8
Iteration:  3600 , loss:  267301.75
Iteration:  3700 , loss:  236957.6
Iteration:  3800 , loss:  241267.3
Iteration:  3900 , loss:  251858.58
Iteration:  4000 , loss:  212200.4
Iteration:  4100 , loss:  234989.1
Iteration:  4200 , loss:  238547.5
Iteration:  4300 , loss:  218115.66
Iteration:  4400 , loss:  221278.5
Iteration:  4500 , loss:  208392.77
Iteration:  4600 , loss:  215433.17
Iteration:  4700 , loss:  200462.72
Iteration:  4800 , loss:  200565.83
Iteration:  4900 , loss:  170484.6
Iteration:  5000 , loss:  175753.12
Iteration:  5100 , loss:  195444.97
Iteration:  5200 , loss:  183434.28
Iteration:  5300 , loss:  179774.56
Iteration:  5400 , loss:  156804.38
Iteration:  5500 , loss:  174381.17
Iteration:  5600 , loss:  162934.66
Iteration:  5700 , loss:  167532.64
Iteration:  5800 , loss:  161266.9
Iteration:  5900 , loss:  154377.39
Iteration:  6000 , loss:  169360.16
Iteration:  6100 , loss:  158598.17
Iteration:  6200 , loss:  161439.58
Iteration:  6300 , loss:  147500.34
Iteration:  6400 , loss:  153705.66
Iteration:  6500 , loss:  142899.61
Iteration:  6600 , loss:  153788.75
Iteration:  6700 , loss:  143044.11
Iteration:  6800 , loss:  141636.14
Iteration:  6900 , loss:  148464.73
Iteration:  7000 , loss:  151070.4
Iteration:  7100 , loss:  146192.52
Iteration:  7200 , loss:  150286.53
Iteration:  7300 , loss:  139956.77
Iteration:  7400 , loss:  143993.92
Iteration:  7500 , loss:  139388.5
Iteration:  7600 , loss:  138701.56
Iteration:  7700 , loss:  136334.89
Iteration:  7800 , loss:  136268.98
Iteration:  7900 , loss:  136724.31
Iteration:  8000 , loss:  135846.5
Iteration:  8100 , loss:  139279.47
Iteration:  8200 , loss:  131696.06
Iteration:  8300 , loss:  135982.0
Iteration:  8400 , loss:  129772.34
Iteration:  8500 , loss:  130198.28
Iteration:  8600 , loss:  133052.92
Iteration:  8700 , loss:  132694.64
Iteration:  8800 , loss:  135270.55
Iteration:  8900 , loss:  128852.836
Iteration:  9000 , loss:  129105.375
Iteration:  9100 , loss:  130171.266
Iteration:  9200 , loss:  131495.75
Iteration:  9300 , loss:  130665.59
Iteration:  9400 , loss:  130263.67
Iteration:  9500 , loss:  128777.36
Iteration:  9600 , loss:  125872.55
Iteration:  9700 , loss:  125397.42
Iteration:  9800 , loss:  128194.59
Iteration:  9900 , loss:  127009.96

============================================================
Interval 2/3: t in [0.1419, 0.2838]
============================================================
Supporting backend tensorflow.compat.v1

Compiling a VI method

Iteration:  0 , loss:  4197185.0
Iteration:  100 , loss:  3314737.2
Iteration:  200 , loss:  2358395.2
Iteration:  300 , loss:  2176230.8
Iteration:  400 , loss:  2385879.8
Iteration:  500 , loss:  1712635.2
Iteration:  600 , loss:  1408284.2
Iteration:  700 , loss:  1170838.0
Iteration:  800 , loss:  1334531.1
Iteration:  900 , loss:  1032570.2
Iteration:  1000 , loss:  983016.4
Iteration:  1100 , loss:  783013.44
Iteration:  1200 , loss:  1080654.6
Iteration:  1300 , loss:  805529.5
Iteration:  1400 , loss:  761732.1
Iteration:  1500 , loss:  538599.0
Iteration:  1600 , loss:  636083.6
Iteration:  1700 , loss:  615437.75
Iteration:  1800 , loss:  659989.75
Iteration:  1900 , loss:  538825.8
Iteration:  2000 , loss:  445063.75
Iteration:  2100 , loss:  413253.72
Iteration:  2200 , loss:  454975.4
Iteration:  2300 , loss:  514595.94
Iteration:  2400 , loss:  387017.75
Iteration:  2500 , loss:  361183.6
Iteration:  2600 , loss:  404375.72
Iteration:  2700 , loss:  335122.72
Iteration:  2800 , loss:  329932.25
Iteration:  2900 , loss:  307735.6
Iteration:  3000 , loss:  293530.16
Iteration:  3100 , loss:  297799.84
Iteration:  3200 , loss:  272186.2
Iteration:  3300 , loss:  274834.22
Iteration:  3400 , loss:  260777.36
Iteration:  3500 , loss:  279261.53
Iteration:  3600 , loss:  256721.97
Iteration:  3700 , loss:  265187.8
Iteration:  3800 , loss:  292179.25
Iteration:  3900 , loss:  221144.39
Iteration:  4000 , loss:  251440.62
Iteration:  4100 , loss:  209729.16
Iteration:  4200 , loss:  214123.38
Iteration:  4300 , loss:  230553.31
Iteration:  4400 , loss:  218593.9
Iteration:  4500 , loss:  186031.44
Iteration:  4600 , loss:  185880.25
Iteration:  4700 , loss:  184128.8
Iteration:  4800 , loss:  182692.8
Iteration:  4900 , loss:  160089.33
Iteration:  5000 , loss:  179638.7
Iteration:  5100 , loss:  184897.42
Iteration:  5200 , loss:  178014.97
Iteration:  5300 , loss:  177713.58
Iteration:  5400 , loss:  167557.7
Iteration:  5500 , loss:  174104.34
Iteration:  5600 , loss:  169539.97
Iteration:  5700 , loss:  159430.81
Iteration:  5800 , loss:  162637.94
Iteration:  5900 , loss:  155079.72
Iteration:  6000 , loss:  144896.78
Iteration:  6100 , loss:  156310.17
Iteration:  6200 , loss:  159265.39
Iteration:  6300 , loss:  145985.38
Iteration:  6400 , loss:  149436.12
Iteration:  6500 , loss:  146426.17
Iteration:  6600 , loss:  156150.02
Iteration:  6700 , loss:  149403.73
Iteration:  6800 , loss:  146761.08
Iteration:  6900 , loss:  138022.45
Iteration:  7000 , loss:  146479.75
Iteration:  7100 , loss:  141647.8
Iteration:  7200 , loss:  134743.25
Iteration:  7300 , loss:  137557.89
Iteration:  7400 , loss:  136539.53
Iteration:  7500 , loss:  139655.89
Iteration:  7600 , loss:  139590.6
Iteration:  7700 , loss:  137590.16
Iteration:  7800 , loss:  135492.1
Iteration:  7900 , loss:  133634.34
Iteration:  8000 , loss:  132781.72
Iteration:  8100 , loss:  132403.45
Iteration:  8200 , loss:  134105.58
Iteration:  8300 , loss:  135462.34
Iteration:  8400 , loss:  129379.055
Iteration:  8500 , loss:  129619.55
Iteration:  8600 , loss:  130524.83
Iteration:  8700 , loss:  130676.945
Iteration:  8800 , loss:  132980.58
Iteration:  8900 , loss:  129829.56
Iteration:  9000 , loss:  129811.36
Iteration:  9100 , loss:  128832.82
Iteration:  9200 , loss:  128100.9
Iteration:  9300 , loss:  129243.42
Iteration:  9400 , loss:  128490.914
Iteration:  9500 , loss:  129389.78
Iteration:  9600 , loss:  128056.21
Iteration:  9700 , loss:  126406.234
Iteration:  9800 , loss:  127665.94
Iteration:  9900 , loss:  127872.25

============================================================
Interval 3/3: t in [0.2838, 0.4257]
============================================================
Supporting backend tensorflow.compat.v1

Compiling a VI method

Iteration:  0 , loss:  4192803.2
Iteration:  100 , loss:  3210864.8
Iteration:  200 , loss:  2482698.0
Iteration:  300 , loss:  1732344.1
Iteration:  400 , loss:  2316496.2
Iteration:  500 , loss:  1788978.1
Iteration:  600 , loss:  1370587.8
Iteration:  700 , loss:  1337859.4
Iteration:  800 , loss:  1160449.4
Iteration:  900 , loss:  1039042.7
Iteration:  1000 , loss:  1236981.6
Iteration:  1100 , loss:  1103868.6
Iteration:  1200 , loss:  780037.0
Iteration:  1300 , loss:  661426.94
Iteration:  1400 , loss:  917722.56
Iteration:  1500 , loss:  681567.56
Iteration:  1600 , loss:  695667.06
Iteration:  1700 , loss:  509777.16
Iteration:  1800 , loss:  535475.9
Iteration:  1900 , loss:  485654.34
Iteration:  2000 , loss:  487722.66
Iteration:  2100 , loss:  355453.2
Iteration:  2200 , loss:  438520.53
Iteration:  2300 , loss:  417832.88
Iteration:  2400 , loss:  463199.6
Iteration:  2500 , loss:  376251.03
Iteration:  2600 , loss:  398526.9
Iteration:  2700 , loss:  428197.66
Iteration:  2800 , loss:  358572.44
Iteration:  2900 , loss:  316710.2
Iteration:  3000 , loss:  273000.62
Iteration:  3100 , loss:  287038.97
Iteration:  3200 , loss:  259555.33
Iteration:  3300 , loss:  333824.3
Iteration:  3400 , loss:  290477.44
Iteration:  3500 , loss:  297870.06
Iteration:  3600 , loss:  297205.9
Iteration:  3700 , loss:  211166.47
Iteration:  3800 , loss:  239715.19
Iteration:  3900 , loss:  253722.56
Iteration:  4000 , loss:  245439.64
Iteration:  4100 , loss:  215720.97
Iteration:  4200 , loss:  238902.88
Iteration:  4300 , loss:  189479.39
Iteration:  4400 , loss:  216486.94
Iteration:  4500 , loss:  196143.53
Iteration:  4600 , loss:  218422.03
Iteration:  4700 , loss:  187762.25
Iteration:  4800 , loss:  177776.66
Iteration:  4900 , loss:  190309.92
Iteration:  5000 , loss:  178076.81
Iteration:  5100 , loss:  172074.73
Iteration:  5200 , loss:  171240.98
Iteration:  5300 , loss:  175063.88
Iteration:  5400 , loss:  161917.14
Iteration:  5500 , loss:  180116.89
Iteration:  5600 , loss:  163091.5
Iteration:  5700 , loss:  163667.69
Iteration:  5800 , loss:  157972.86
Iteration:  5900 , loss:  156263.89
Iteration:  6000 , loss:  159962.67
Iteration:  6100 , loss:  152622.14
Iteration:  6200 , loss:  164014.33
Iteration:  6300 , loss:  151053.88
Iteration:  6400 , loss:  147887.55
Iteration:  6500 , loss:  146443.58
Iteration:  6600 , loss:  147439.47
Iteration:  6700 , loss:  146426.73
Iteration:  6800 , loss:  141111.6
Iteration:  6900 , loss:  157783.56
Iteration:  7000 , loss:  141709.97
Iteration:  7100 , loss:  146199.03
Iteration:  7200 , loss:  136521.42
Iteration:  7300 , loss:  136493.03
Iteration:  7400 , loss:  138640.27
Iteration:  7500 , loss:  140314.73
Iteration:  7600 , loss:  140608.88
Iteration:  7700 , loss:  134615.0
Iteration:  7800 , loss:  135937.42
Iteration:  7900 , loss:  136309.7
Iteration:  8000 , loss:  135066.42
Iteration:  8100 , loss:  131912.34
Iteration:  8200 , loss:  132366.98
Iteration:  8300 , loss:  139324.05
Iteration:  8400 , loss:  134805.22
Iteration:  8500 , loss:  131685.75
Iteration:  8600 , loss:  126715.29
Iteration:  8700 , loss:  132709.73
Iteration:  8800 , loss:  127175.56
Iteration:  8900 , loss:  127764.305
Iteration:  9000 , loss:  129499.805
Iteration:  9100 , loss:  128195.86
Iteration:  9200 , loss:  127987.16
Iteration:  9300 , loss:  127259.05
Iteration:  9400 , loss:  126569.24
Iteration:  9500 , loss:  128321.59
Iteration:  9600 , loss:  124870.31
Iteration:  9700 , loss:  126751.87
Iteration:  9800 , loss:  127306.61
Iteration:  9900 , loss:  126318.984
